<?xml version="1.0" encoding="UTF-8"?>
<testng-results skipped="0" failed="0" ignored="0" total="4" passed="4">
  <reporter-output>
  </reporter-output>
  <suite name="Suite" duration-ms="65" started-at="2019-04-25T06:38:35Z" finished-at="2019-04-25T06:38:35Z">
    <groups>
    </groups>
    <test name="Test" duration-ms="65" started-at="2019-04-25T06:38:35Z" finished-at="2019-04-25T06:38:35Z">
      <class name="qaclickacademy.RESTAPITest">
        <test-method status="PASS" signature="deleteTwitter()[pri:0, instance:qaclickacademy.RESTAPITest@3dd3bcd]" name="deleteTwitter" duration-ms="1" started-at="2019-04-25T06:38:35Z" finished-at="2019-04-25T06:38:35Z">
          <reporter-output>
          </reporter-output>
        </test-method> <!-- deleteTwitter -->
        <test-method status="PASS" signature="postJira()[pri:0, instance:qaclickacademy.RESTAPITest@3dd3bcd]" name="postJira" duration-ms="0" started-at="2019-04-25T06:38:35Z" finished-at="2019-04-25T06:38:35Z">
          <reporter-output>
          </reporter-output>
        </test-method> <!-- postJira -->
      </class> <!-- qaclickacademy.RESTAPITest -->
      <class name="qaclickacademy.SeleniumTest">
        <test-method status="PASS" signature="browserAutomation()[pri:0, instance:qaclickacademy.SeleniumTest@12843fce]" name="browserAutomation" duration-ms="16" started-at="2019-04-25T06:38:35Z" finished-at="2019-04-25T06:38:35Z">
          <reporter-output>
          </reporter-output>
        </test-method> <!-- browserAutomation -->
        <test-method status="PASS" signature="elementsUI()[pri:0, instance:qaclickacademy.SeleniumTest@12843fce]" name="elementsUI" duration-ms="0" started-at="2019-04-25T06:38:35Z" finished-at="2019-04-25T06:38:35Z">
          <reporter-output>
          </reporter-output>
        </test-method> <!-- elementsUI -->
      </class> <!-- qaclickacademy.SeleniumTest -->
    </test> <!-- Test -->
  </suite> <!-- Suite -->
</testng-results>
